0 info it worked if it ends with ok
1 verbose cli [ '/Users/rub21/.nvm/versions/node/v6.11.3/bin/node',
1 verbose cli   '/Users/rub21/.nvm/versions/node/v6.11.3/bin/npm',
1 verbose cli   'start' ]
2 info using npm@3.10.10
3 info using node@v6.11.3
4 verbose run-script [ 'prestart', 'start', 'poststart' ]
5 info lifecycle osm-tasking-import@1.0.0~prestart: osm-tasking-import@1.0.0
6 silly lifecycle osm-tasking-import@1.0.0~prestart: no script for prestart, continuing
7 info lifecycle osm-tasking-import@1.0.0~start: osm-tasking-import@1.0.0
8 verbose lifecycle osm-tasking-import@1.0.0~start: unsafe-perm in lifecycle true
9 verbose lifecycle osm-tasking-import@1.0.0~start: PATH: /Users/rub21/.nvm/versions/node/v6.11.3/lib/node_modules/npm/bin/node-gyp-bin:/Users/rub21/apps/osm-tasking-import/node_modules/.bin:/Users/rub21/.nvm/versions/node/v6.11.3/bin:/usr/local/bin:/usr/bin:/bin:/usr/sbin:/sbin
10 verbose lifecycle osm-tasking-import@1.0.0~start: CWD: /Users/rub21/apps/osm-tasking-import
11 silly lifecycle osm-tasking-import@1.0.0~start: Args: [ '-c', 'webpack --watch' ]
12 silly lifecycle osm-tasking-import@1.0.0~start: Returned: code: 255  signal: null
13 info lifecycle osm-tasking-import@1.0.0~start: Failed to exec start script
14 verbose stack Error: osm-tasking-import@1.0.0 start: `webpack --watch`
14 verbose stack Exit status 255
14 verbose stack     at EventEmitter.<anonymous> (/Users/rub21/.nvm/versions/node/v6.11.3/lib/node_modules/npm/lib/utils/lifecycle.js:255:16)
14 verbose stack     at emitTwo (events.js:106:13)
14 verbose stack     at EventEmitter.emit (events.js:191:7)
14 verbose stack     at ChildProcess.<anonymous> (/Users/rub21/.nvm/versions/node/v6.11.3/lib/node_modules/npm/lib/utils/spawn.js:40:14)
14 verbose stack     at emitTwo (events.js:106:13)
14 verbose stack     at ChildProcess.emit (events.js:191:7)
14 verbose stack     at maybeClose (internal/child_process.js:920:16)
14 verbose stack     at Process.ChildProcess._handle.onexit (internal/child_process.js:230:5)
15 verbose pkgid osm-tasking-import@1.0.0
16 verbose cwd /Users/rub21/apps/osm-tasking-import
17 error Darwin 16.7.0
18 error argv "/Users/rub21/.nvm/versions/node/v6.11.3/bin/node" "/Users/rub21/.nvm/versions/node/v6.11.3/bin/npm" "start"
19 error node v6.11.3
20 error npm  v3.10.10
21 error code ELIFECYCLE
22 error osm-tasking-import@1.0.0 start: `webpack --watch`
22 error Exit status 255
23 error Failed at the osm-tasking-import@1.0.0 start script 'webpack --watch'.
23 error Make sure you have the latest version of node.js and npm installed.
23 error If you do, this is most likely a problem with the osm-tasking-import package,
23 error not with npm itself.
23 error Tell the author that this fails on your system:
23 error     webpack --watch
23 error You can get information on how to open an issue for this project with:
23 error     npm bugs osm-tasking-import
23 error Or if that isn't available, you can get their info via:
23 error     npm owner ls osm-tasking-import
23 error There is likely additional logging output above.
24 verbose exit [ 1, true ]
